<?xml version="1.0" encoding="UTF-8"?>
<!-- Generated by org.testng.reporters.JUnitReportReporter -->
<testsuite hostname="DESKTOP-U03HLON" failures="0" tests="1" name="testclass.test" time="48.262" errors="0" timestamp="2024-10-19T19:08:16 IST" skipped="0">
  <testcase classname="testclass.test" name="me" time="48.262"/>
</testsuite> <!-- testclass.test -->
