<?xml version="1.0" encoding="UTF-8"?>
<!-- Generated by org.testng.reporters.JUnitReportReporter -->
<testsuite hostname="DESKTOP-U03HLON" failures="0" tests="1" name="newwebsite.newwebsite.AppTest" time="0.021" errors="0" timestamp="2024-10-19T14:10:14 IST" skipped="0">
  <testcase classname="newwebsite.newwebsite.AppTest" name="test" time="0.021"/>
</testsuite> <!-- newwebsite.newwebsite.AppTest -->
